This is pdfTeX, Version 3.1415926-1.40.11 (MiKTeX 2.9) (preloaded format=pdflatex 2012.5.21)  21 MAY 2012 16:55
entering extended mode
**F:/Documents/Dropbox/Лаб/Диплом/base.tex
(F:/Documents/Dropbox/Лаб/Диплом/base.tex
LaTeX2e <2009/09/24>
Babel <v3.8l> and hyphenation patterns for english, afrikaans, ancientgreek, ar
abic, armenian, assamese, basque, bengali, bokmal, bulgarian, catalan, coptic, 
croatian, czech, danish, dutch, esperanto, estonian, farsi, finnish, french, ga
lician, german, german-x-2009-06-19, greek, gujarati, hindi, hungarian, iceland
ic, indonesian, interlingua, irish, italian, kannada, kurmanji, lao, latin, lat
vian, lithuanian, malayalam, marathi, mongolian, mongolianlmc, monogreek, ngerm
an, ngerman-x-2009-06-19, nynorsk, oriya, panjabi, pinyin, polish, portuguese, 
romanian, russian, sanskrit, serbian, slovak, slovenian, spanish, swedish, swis
sgerman, tamil, telugu, turkish, turkmen, ukenglish, ukrainian, uppersorbian, u
senglishmax, welsh, loaded.
("C:\Program Files\MiKTeX 2.9\tex\latex\extsizes\extarticle.cls"
Document Class: extarticle 1996/10/08 v1.0 Non Standard LaTeX document class
("C:\Program Files\MiKTeX 2.9\tex\latex\extsizes\size14.clo"
File: size14.clo 1999/11/11 v1.4a NON-Standard LaTeX file (size option)
)
("C:\Program Files\MiKTeX 2.9\tex\latex\base\exscale.sty"
Package: exscale 2007/10/29 v2.1h Standard LaTeX package exscale
LaTeX Font Info:    Redeclaring symbol font `largesymbols' on input line 52.
LaTeX Font Info:    Overwriting symbol font `largesymbols' in version `normal'
(Font)                  OMX/cmex/m/n --> OMX/cmex/m/n on input line 52.
LaTeX Font Info:    Overwriting symbol font `largesymbols' in version `bold'
(Font)                  OMX/cmex/m/n --> OMX/cmex/m/n on input line 52.
\big@size=\dimen102
)
\c@part=\count79
\c@section=\count80
\c@subsection=\count81
\c@subsubsection=\count82
\c@paragraph=\count83
\c@subparagraph=\count84
\c@figure=\count85
\c@table=\count86
\abovecaptionskip=\skip41
\belowcaptionskip=\skip42
\bibindent=\dimen103
)
("C:\Program Files\MiKTeX 2.9\tex\latex\hyperref\hyperref.sty"
Package: hyperref 2010/10/30 v6.81t Hypertext links for LaTeX

("C:\Program Files\MiKTeX 2.9\tex\generic\oberdiek\ltxcmds.sty"
Package: ltxcmds 2010/04/26 v1.7 LaTeX kernel commands for general use (HO)
)
("C:\Program Files\MiKTeX 2.9\tex\generic\oberdiek\infwarerr.sty"
Package: infwarerr 2010/04/08 v1.3 Providing info/warning/message (HO)
)
("C:\Program Files\MiKTeX 2.9\tex\latex\graphics\keyval.sty"
Package: keyval 1999/03/16 v1.13 key=value parser (DPC)
\KV@toks@=\toks14
)
("C:\Program Files\MiKTeX 2.9\tex\generic\oberdiek\kvsetkeys.sty"
Package: kvsetkeys 2010/03/01 v1.9 Key value parser (HO)

("C:\Program Files\MiKTeX 2.9\tex\generic\oberdiek\etexcmds.sty"
Package: etexcmds 2010/01/28 v1.3 Prefix for e-TeX command names (HO)
Package etexcmds Info: Could not find \expanded.
(etexcmds)             That can mean that you are not using pdfTeX 1.50 or
(etexcmds)             that some package has redefined \expanded.
(etexcmds)             In the latter case, load this package earlier.
))
("C:\Program Files\MiKTeX 2.9\tex\generic\oberdiek\pdfescape.sty"
Package: pdfescape 2010/03/01 v1.9 Provides hex, PDF name and string conversion
s (HO)

("C:\Program Files\MiKTeX 2.9\tex\generic\oberdiek\pdftexcmds.sty"
Package: pdftexcmds 2010/04/01 v0.9 Utility functions of pdfTeX for LuaTeX (HO)


("C:\Program Files\MiKTeX 2.9\tex\generic\oberdiek\ifluatex.sty"
Package: ifluatex 2010/03/01 v1.3 Provides the ifluatex switch (HO)
Package ifluatex Info: LuaTeX not detected.
)
Package pdftexcmds Info: LuaTeX not detected.
Package pdftexcmds Info: \pdf@primitive is available.
Package pdftexcmds Info: \pdf@ifprimitive is available.
))
("C:\Program Files\MiKTeX 2.9\tex\generic\oberdiek\ifpdf.sty"
Package: ifpdf 2010/01/28 v2.1 Provides the ifpdf switch (HO)
Package ifpdf Info: pdfTeX in pdf mode detected.
)
("C:\Program Files\MiKTeX 2.9\tex\generic\oberdiek\ifvtex.sty"
Package: ifvtex 2010/03/01 v1.5 Switches for detecting VTeX and its modes (HO)
Package ifvtex Info: VTeX not detected.
)
("C:\Program Files\MiKTeX 2.9\tex\generic\ifxetex\ifxetex.sty"
Package: ifxetex 2010/09/12 v0.6 Provides ifxetex conditional
)
("C:\Program Files\MiKTeX 2.9\tex\latex\oberdiek\hycolor.sty"
Package: hycolor 2009/12/12 v1.6 Color options of hyperref/bookmark (HO)

("C:\Program Files\MiKTeX 2.9\tex\latex\oberdiek\xcolor-patch.sty"
Package: xcolor-patch 2009/12/12 xcolor patch
))
("C:\Program Files\MiKTeX 2.9\tex\latex\oberdiek\letltxmacro.sty"
Package: letltxmacro 2008/06/24 v1.3 Let assignment for LaTeX macros (HO)
)
("C:\Program Files\MiKTeX 2.9\tex\latex\oberdiek\kvoptions.sty"
Package: kvoptions 2010/02/22 v3.7 Keyval support for LaTeX options (HO)
)
\@linkdim=\dimen104
\Hy@linkcounter=\count87
\Hy@pagecounter=\count88

("C:\Program Files\MiKTeX 2.9\tex\latex\hyperref\pd1enc.def"
File: pd1enc.def 2010/10/30 v6.81t Hyperref: PDFDocEncoding definition (HO)
)
("C:\Program Files\MiKTeX 2.9\tex\generic\oberdiek\intcalc.sty"
Package: intcalc 2007/09/27 v1.1 Expandable integer calculations (HO)
)
\Hy@SavedSpaceFactor=\count89

("C:\Program Files\MiKTeX 2.9\tex\latex\00miktex\hyperref.cfg"
File: hyperref.cfg 2002/06/06 v1.2 hyperref configuration of TeXLive
)
Package hyperref Info: Option `unicode' set `true' on input line 3872.

("C:\Program Files\MiKTeX 2.9\tex\latex\hyperref\puenc.def"
File: puenc.def 2010/10/30 v6.81t Hyperref: PDF Unicode definition (HO)
)
Package hyperref Info: Hyper figures OFF on input line 3976.
Package hyperref Info: Link nesting OFF on input line 3981.
Package hyperref Info: Hyper index ON on input line 3984.
Package hyperref Info: Plain pages OFF on input line 3991.
Package hyperref Info: Backreferencing OFF on input line 3996.
Package hyperref Info: Implicit mode ON; LaTeX internals redefined.
Package hyperref Info: Bookmarks ON on input line 4211.
\c@Hy@tempcnt=\count90

("C:\Program Files\MiKTeX 2.9\tex\latex\ltxmisc\url.sty"
\Urlmuskip=\muskip10
Package: url 2006/04/12  ver 3.3  Verb mode for urls, etc.
)
LaTeX Info: Redefining \url on input line 4566.

("C:\Program Files\MiKTeX 2.9\tex\generic\oberdiek\bitset.sty"
Package: bitset 2007/09/28 v1.0 Data type bit set (HO)

("C:\Program Files\MiKTeX 2.9\tex\generic\oberdiek\bigintcalc.sty"
Package: bigintcalc 2007/11/11 v1.1 Expandable big integer calculations (HO)
))
\Fld@menulength=\count91
\Field@Width=\dimen105
\Fld@charsize=\dimen106
Package hyperref Info: Hyper figures OFF on input line 5626.
Package hyperref Info: Link nesting OFF on input line 5631.
Package hyperref Info: Hyper index ON on input line 5634.
Package hyperref Info: backreferencing OFF on input line 5641.
Package hyperref Info: Link coloring OFF on input line 5646.
Package hyperref Info: Link coloring with OCG OFF on input line 5651.
Package hyperref Info: PDF/A mode OFF on input line 5656.
LaTeX Info: Redefining \ref on input line 5696.
LaTeX Info: Redefining \pageref on input line 5700.

("C:\Program Files\MiKTeX 2.9\tex\generic\oberdiek\atbegshi.sty"
Package: atbegshi 2010/03/25 v1.12 At begin shipout hook (HO)
)
\Hy@abspage=\count92
\c@Item=\count93
\c@Hfootnote=\count94
)

Package hyperref Message: Driver: hpdftex.

("C:\Program Files\MiKTeX 2.9\tex\latex\hyperref\hpdftex.def"
File: hpdftex.def 2010/10/30 v6.81t Hyperref driver for pdfTeX

("C:\Program Files\MiKTeX 2.9\tex\latex\oberdiek\atveryend.sty"
Package: atveryend 2010/03/24 v1.5 Hooks at very end of document (HO)
Package atveryend Info: \enddocument detected (standard).
)
\Fld@listcount=\count95
\c@bookmark@seq@number=\count96

("C:\Program Files\MiKTeX 2.9\tex\latex\oberdiek\rerunfilecheck.sty"
Package: rerunfilecheck 2010/03/16 v1.6 Rerun checks for auxiliary files (HO)

("C:\Program Files\MiKTeX 2.9\tex\generic\oberdiek\uniquecounter.sty"
Package: uniquecounter 2009/12/18 v1.1 Provides unlimited unique counter (HO)
)
Package uniquecounter Info: New unique counter `rerunfilecheck' on input line 2
71.
)
\Hy@SectionHShift=\skip43
)
("C:\Program Files\MiKTeX 2.9\tex\latex\unicode\ucs.sty"
Package: ucs 2004/10/17 UCS: Unicode input support

("C:\Program Files\MiKTeX 2.9\tex\latex\unicode\data\uni-global.def"
File: uni-global.def 2004/10/17 UCS: Unicode global data
)
\uc@secondtry=\count97
\uc@combtoks=\toks15
\uc@combtoksb=\toks16
\uc@temptokena=\toks17
)
("C:\Program Files\MiKTeX 2.9\tex\latex\base\inputenc.sty"
Package: inputenc 2008/03/30 v1.1d Input encoding file
\inpenc@prehook=\toks18
\inpenc@posthook=\toks19

("C:\Program Files\MiKTeX 2.9\tex\latex\unicode\utf8x.def"
File: utf8x.def 2004/10/17 UCS: Input encoding UTF-8
))
("C:\Program Files\MiKTeX 2.9\tex\generic\babel\babel.sty"
Package: babel 2008/07/06 v3.8l The Babel package

*************************************
* Local config file bblopts.cfg used
*
("C:\Program Files\MiKTeX 2.9\tex\latex\00miktex\bblopts.cfg"
File: bblopts.cfg 2006/07/31 v1.0 MiKTeX 'babel' configuration
)
("C:\Program Files\MiKTeX 2.9\tex\generic\babel\english.ldf"
Language: english 2005/03/30 v3.3o English support from the babel system

("C:\Program Files\MiKTeX 2.9\tex\generic\babel\babel.def"
File: babel.def 2008/07/06 v3.8l Babel common definitions
\babel@savecnt=\count98
\U@D=\dimen107
)
\l@canadian = a dialect from \language\l@american 
\l@australian = a dialect from \language\l@british 
\l@newzealand = a dialect from \language\l@british 
)
("C:\Program Files\MiKTeX 2.9\tex\generic\babel\russianb.ldf"
Language: russianb 2008/03/21 v1.1r Russian support from the babel system

("C:\Program Files\MiKTeX 2.9\tex\latex\cyrillic\t2aenc.def"
File: t2aenc.def 2005/09/27 v1.0i Cyrillic encoding definition file
)
Package babel Info: Making " an active character on input line 199.
))
(C:\Users\kostal\AppData\Roaming\MiKTeX\2.9\tex\latex\t2\mathtext.sty
Package: mathtext 1999/01/28 v1.0 transparent text-and-math defs
LaTeX Info: Redefining \halign on input line 111.
)
("C:\Program Files\MiKTeX 2.9\tex\latex\ams\math\amsmath.sty"
Package: amsmath 2000/07/18 v2.13 AMS math features
\@mathmargin=\skip44

For additional information on amsmath, use the `?' option.
("C:\Program Files\MiKTeX 2.9\tex\latex\ams\math\amstext.sty"
Package: amstext 2000/06/29 v2.01

("C:\Program Files\MiKTeX 2.9\tex\latex\ams\math\amsgen.sty"
File: amsgen.sty 1999/11/30 v2.0
\@emptytoks=\toks20
\ex@=\dimen108
))
("C:\Program Files\MiKTeX 2.9\tex\latex\ams\math\amsbsy.sty"
Package: amsbsy 1999/11/29 v1.2d
\pmbraise@=\dimen109
)
("C:\Program Files\MiKTeX 2.9\tex\latex\ams\math\amsopn.sty"
Package: amsopn 1999/12/14 v2.01 operator names
)
\inf@bad=\count99
LaTeX Info: Redefining \frac on input line 211.
\uproot@=\count100
\leftroot@=\count101
LaTeX Info: Redefining \overline on input line 307.
\classnum@=\count102
\DOTSCASE@=\count103
LaTeX Info: Redefining \ldots on input line 379.
LaTeX Info: Redefining \dots on input line 382.
LaTeX Info: Redefining \cdots on input line 467.
\Mathstrutbox@=\box26
\strutbox@=\box27
\big@size=\dimen110
LaTeX Font Info:    Redeclaring font encoding OML on input line 567.
\symOMLletters=\mathgroup4
LaTeX Font Info:    Redeclaring font encoding OMS on input line 568.
\symOMSletters=\mathgroup5
\macc@depth=\count104
\c@MaxMatrixCols=\count105
\dotsspace@=\muskip11
\c@parentequation=\count106
\dspbrk@lvl=\count107
\tag@help=\toks21
\row@=\count108
\column@=\count109
\maxfields@=\count110
\andhelp@=\toks22
\eqnshift@=\dimen111
\alignsep@=\dimen112
\tagshift@=\dimen113
\tagwidth@=\dimen114
\totwidth@=\dimen115
\lineht@=\dimen116
\@envbody=\toks23
\multlinegap=\skip45
\multlinetaggap=\skip46
\mathdisplay@stack=\toks24
LaTeX Info: Redefining \[ on input line 2666.
LaTeX Info: Redefining \] on input line 2667.
)
("C:\Program Files\MiKTeX 2.9\tex\latex\amsfonts\amssymb.sty"
Package: amssymb 2009/06/22 v3.00

("C:\Program Files\MiKTeX 2.9\tex\latex\amsfonts\amsfonts.sty"
Package: amsfonts 2009/06/22 v3.00 Basic AMSFonts support
\symAMSa=\mathgroup6
\symAMSb=\mathgroup7
LaTeX Font Info:    Overwriting math alphabet `\mathfrak' in version `bold'
(Font)                  U/euf/m/n --> U/euf/b/n on input line 96.
))
("C:\Program Files\MiKTeX 2.9\tex\latex\base\latexsym.sty"
Package: latexsym 1998/08/17 v2.2e Standard LaTeX package (lasy symbols)
\symlasy=\mathgroup8
LaTeX Font Info:    Overwriting symbol font `lasy' in version `bold'
(Font)                  U/lasy/m/n --> U/lasy/b/n on input line 47.
)
("C:\Program Files\MiKTeX 2.9\tex\latex\pgf\frontendlayer\tikz.sty"
("C:\Program Files\MiKTeX 2.9\tex\latex\pgf\basiclayer\pgf.sty"
("C:\Program Files\MiKTeX 2.9\tex\latex\pgf\utilities\pgfrcs.sty"
("C:\Program Files\MiKTeX 2.9\tex\generic\pgf\utilities\pgfutil-common.tex"
\pgfutil@everybye=\toks25
)
("C:\Program Files\MiKTeX 2.9\tex\generic\pgf\utilities\pgfutil-latex.def"
\pgfutil@abb=\box28

("C:\Program Files\MiKTeX 2.9\tex\latex\ms\everyshi.sty"
Package: everyshi 2001/05/15 v3.00 EveryShipout Package (MS)
))
("C:\Program Files\MiKTeX 2.9\tex\generic\pgf\utilities\pgfrcs.code.tex"
Package: pgfrcs 2010/10/25 v2.10 (rcs-revision 1.24)
))
Package: pgf 2008/01/15 v2.10 (rcs-revision 1.12)

("C:\Program Files\MiKTeX 2.9\tex\latex\pgf\basiclayer\pgfcore.sty"
("C:\Program Files\MiKTeX 2.9\tex\latex\graphics\graphicx.sty"
Package: graphicx 1999/02/16 v1.0f Enhanced LaTeX Graphics (DPC,SPQR)

("C:\Program Files\MiKTeX 2.9\tex\latex\graphics\graphics.sty"
Package: graphics 2009/02/05 v1.0o Standard LaTeX Graphics (DPC,SPQR)

("C:\Program Files\MiKTeX 2.9\tex\latex\graphics\trig.sty"
Package: trig 1999/03/16 v1.09 sin cos tan (DPC)
)
("C:\Program Files\MiKTeX 2.9\tex\latex\00miktex\graphics.cfg"
File: graphics.cfg 2007/01/18 v1.5 graphics configuration of teTeX/TeXLive
)
Package graphics Info: Driver file: pdftex.def on input line 91.

("C:\Program Files\MiKTeX 2.9\tex\latex\pdftex-def\pdftex.def"
File: pdftex.def 2010/09/14 v0.05b Graphics/color for pdfTeX
\Gread@gobject=\count111
))
\Gin@req@height=\dimen117
\Gin@req@width=\dimen118
)
("C:\Program Files\MiKTeX 2.9\tex\latex\pgf\systemlayer\pgfsys.sty"
("C:\Program Files\MiKTeX 2.9\tex\generic\pgf\systemlayer\pgfsys.code.tex"
Package: pgfsys 2010/06/30 v2.10 (rcs-revision 1.37)

("C:\Program Files\MiKTeX 2.9\tex\generic\pgf\utilities\pgfkeys.code.tex"
\pgfkeys@pathtoks=\toks26
\pgfkeys@temptoks=\toks27

("C:\Program Files\MiKTeX 2.9\tex\generic\pgf\utilities\pgfkeysfiltered.code.te
x"
\pgfkeys@tmptoks=\toks28
))
\pgf@x=\dimen119
\pgf@y=\dimen120
\pgf@xa=\dimen121
\pgf@ya=\dimen122
\pgf@xb=\dimen123
\pgf@yb=\dimen124
\pgf@xc=\dimen125
\pgf@yc=\dimen126
\w@pgf@writea=\write3
\r@pgf@reada=\read1
\c@pgf@counta=\count112
\c@pgf@countb=\count113
\c@pgf@countc=\count114
\c@pgf@countd=\count115
 ("C:\Program Files\MiKTeX 2.9\tex\generic\pgf\systemlayer\pgf.cfg"
File: pgf.cfg 2008/05/14  (rcs-revision 1.7)
)
Package pgfsys Info: Driver file for pgf: pgfsys-pdftex.def on input line 900.

("C:\Program Files\MiKTeX 2.9\tex\generic\pgf\systemlayer\pgfsys-pdftex.def"
File: pgfsys-pdftex.def 2009/05/22  (rcs-revision 1.26)

("C:\Program Files\MiKTeX 2.9\tex\generic\pgf\systemlayer\pgfsys-common-pdf.def
"
File: pgfsys-common-pdf.def 2008/05/19  (rcs-revision 1.10)
)))
("C:\Program Files\MiKTeX 2.9\tex\generic\pgf\systemlayer\pgfsyssoftpath.code.t
ex"
File: pgfsyssoftpath.code.tex 2008/07/18  (rcs-revision 1.7)
\pgfsyssoftpath@smallbuffer@items=\count116
\pgfsyssoftpath@bigbuffer@items=\count117
)
("C:\Program Files\MiKTeX 2.9\tex\generic\pgf\systemlayer\pgfsysprotocol.code.t
ex"
File: pgfsysprotocol.code.tex 2006/10/16  (rcs-revision 1.4)
)) ("C:\Program Files\MiKTeX 2.9\tex\latex\xcolor\xcolor.sty"
Package: xcolor 2007/01/21 v2.11 LaTeX color extensions (UK)

("C:\Program Files\MiKTeX 2.9\tex\latex\00miktex\color.cfg"
File: color.cfg 2007/01/18 v1.5 color configuration of teTeX/TeXLive
)
Package xcolor Info: Driver file: pdftex.def on input line 225.
Package xcolor Info: Model `cmy' substituted by `cmy0' on input line 1337.
Package xcolor Info: Model `hsb' substituted by `rgb' on input line 1341.
Package xcolor Info: Model `RGB' extended on input line 1353.
Package xcolor Info: Model `HTML' substituted by `rgb' on input line 1355.
Package xcolor Info: Model `Hsb' substituted by `hsb' on input line 1356.
Package xcolor Info: Model `tHsb' substituted by `hsb' on input line 1357.
Package xcolor Info: Model `HSB' substituted by `hsb' on input line 1358.
Package xcolor Info: Model `Gray' substituted by `gray' on input line 1359.
Package xcolor Info: Model `wave' substituted by `hsb' on input line 1360.
)
("C:\Program Files\MiKTeX 2.9\tex\generic\pgf\basiclayer\pgfcore.code.tex"
Package: pgfcore 2010/04/11 v2.10 (rcs-revision 1.7)

("C:\Program Files\MiKTeX 2.9\tex\generic\pgf\math\pgfmath.code.tex"
("C:\Program Files\MiKTeX 2.9\tex\generic\pgf\math\pgfmathcalc.code.tex"
("C:\Program Files\MiKTeX 2.9\tex\generic\pgf\math\pgfmathutil.code.tex")
("C:\Program Files\MiKTeX 2.9\tex\generic\pgf\math\pgfmathparser.code.tex"
\pgfmath@dimen=\dimen127
\pgfmath@count=\count118
\pgfmath@box=\box29
\pgfmath@toks=\toks29
\pgfmath@stack@operand=\toks30
\pgfmath@stack@operation=\toks31
)
("C:\Program Files\MiKTeX 2.9\tex\generic\pgf\math\pgfmathfunctions.code.tex"
("C:\Program Files\MiKTeX 2.9\tex\generic\pgf\math\pgfmathfunctions.basic.code.
tex")
("C:\Program Files\MiKTeX 2.9\tex\generic\pgf\math\pgfmathfunctions.trigonometr
ic.code.tex")
("C:\Program Files\MiKTeX 2.9\tex\generic\pgf\math\pgfmathfunctions.random.code
.tex")
("C:\Program Files\MiKTeX 2.9\tex\generic\pgf\math\pgfmathfunctions.comparison.
code.tex")
("C:\Program Files\MiKTeX 2.9\tex\generic\pgf\math\pgfmathfunctions.base.code.t
ex")
("C:\Program Files\MiKTeX 2.9\tex\generic\pgf\math\pgfmathfunctions.round.code.
tex")
("C:\Program Files\MiKTeX 2.9\tex\generic\pgf\math\pgfmathfunctions.misc.code.t
ex"))) ("C:\Program Files\MiKTeX 2.9\tex\generic\pgf\math\pgfmathfloat.code.tex
"
\c@pgfmathroundto@lastzeros=\count119
))
("C:\Program Files\MiKTeX 2.9\tex\generic\pgf\basiclayer\pgfcorepoints.code.tex
"
File: pgfcorepoints.code.tex 2010/04/09  (rcs-revision 1.20)
\pgf@picminx=\dimen128
\pgf@picmaxx=\dimen129
\pgf@picminy=\dimen130
\pgf@picmaxy=\dimen131
\pgf@pathminx=\dimen132
\pgf@pathmaxx=\dimen133
\pgf@pathminy=\dimen134
\pgf@pathmaxy=\dimen135
\pgf@xx=\dimen136
\pgf@xy=\dimen137
\pgf@yx=\dimen138
\pgf@yy=\dimen139
\pgf@zx=\dimen140
\pgf@zy=\dimen141
)
("C:\Program Files\MiKTeX 2.9\tex\generic\pgf\basiclayer\pgfcorepathconstruct.c
ode.tex"
File: pgfcorepathconstruct.code.tex 2010/08/03  (rcs-revision 1.24)
\pgf@path@lastx=\dimen142
\pgf@path@lasty=\dimen143
)
("C:\Program Files\MiKTeX 2.9\tex\generic\pgf\basiclayer\pgfcorepathusage.code.
tex"
File: pgfcorepathusage.code.tex 2008/04/22  (rcs-revision 1.12)
\pgf@shorten@end@additional=\dimen144
\pgf@shorten@start@additional=\dimen145
)
("C:\Program Files\MiKTeX 2.9\tex\generic\pgf\basiclayer\pgfcorescopes.code.tex
"
File: pgfcorescopes.code.tex 2010/09/08  (rcs-revision 1.34)
\pgfpic=\box30
\pgf@hbox=\box31
\pgf@layerbox@main=\box32
\pgf@picture@serial@count=\count120
)
("C:\Program Files\MiKTeX 2.9\tex\generic\pgf\basiclayer\pgfcoregraphicstate.co
de.tex"
File: pgfcoregraphicstate.code.tex 2008/04/22  (rcs-revision 1.9)
\pgflinewidth=\dimen146
)
("C:\Program Files\MiKTeX 2.9\tex\generic\pgf\basiclayer\pgfcoretransformations
.code.tex"
File: pgfcoretransformations.code.tex 2009/06/10  (rcs-revision 1.11)
\pgf@pt@x=\dimen147
\pgf@pt@y=\dimen148
\pgf@pt@temp=\dimen149
)
("C:\Program Files\MiKTeX 2.9\tex\generic\pgf\basiclayer\pgfcorequick.code.tex"
File: pgfcorequick.code.tex 2008/10/09  (rcs-revision 1.3)
)
("C:\Program Files\MiKTeX 2.9\tex\generic\pgf\basiclayer\pgfcoreobjects.code.te
x"
File: pgfcoreobjects.code.tex 2006/10/11  (rcs-revision 1.2)
)
("C:\Program Files\MiKTeX 2.9\tex\generic\pgf\basiclayer\pgfcorepathprocessing.
code.tex"
File: pgfcorepathprocessing.code.tex 2008/10/09  (rcs-revision 1.8)
)
("C:\Program Files\MiKTeX 2.9\tex\generic\pgf\basiclayer\pgfcorearrows.code.tex
"
File: pgfcorearrows.code.tex 2008/04/23  (rcs-revision 1.11)
)
("C:\Program Files\MiKTeX 2.9\tex\generic\pgf\basiclayer\pgfcoreshade.code.tex"
File: pgfcoreshade.code.tex 2008/11/23  (rcs-revision 1.13)
\pgf@max=\dimen150
\pgf@sys@shading@range@num=\count121
) ("C:\Program Files\MiKTeX 2.9\tex\generic\pgf\basiclayer\pgfcoreimage.code.te
x"
File: pgfcoreimage.code.tex 2010/03/25  (rcs-revision 1.16)

("C:\Program Files\MiKTeX 2.9\tex\generic\pgf\basiclayer\pgfcoreexternal.code.t
ex"
File: pgfcoreexternal.code.tex 2010/09/01  (rcs-revision 1.17)
\pgfexternal@startupbox=\box33
))
("C:\Program Files\MiKTeX 2.9\tex\generic\pgf\basiclayer\pgfcorelayers.code.tex
"
File: pgfcorelayers.code.tex 2010/08/27  (rcs-revision 1.2)
)
("C:\Program Files\MiKTeX 2.9\tex\generic\pgf\basiclayer\pgfcoretransparency.co
de.tex"
File: pgfcoretransparency.code.tex 2008/01/17  (rcs-revision 1.2)
)
("C:\Program Files\MiKTeX 2.9\tex\generic\pgf\basiclayer\pgfcorepatterns.code.t
ex"
File: pgfcorepatterns.code.tex 2009/07/02  (rcs-revision 1.3)
)))
("C:\Program Files\MiKTeX 2.9\tex\generic\pgf\modules\pgfmoduleshapes.code.tex"
File: pgfmoduleshapes.code.tex 2010/09/09  (rcs-revision 1.13)
\pgfnodeparttextbox=\box34
) ("C:\Program Files\MiKTeX 2.9\tex\generic\pgf\modules\pgfmoduleplot.code.tex"
File: pgfmoduleplot.code.tex 2010/10/22  (rcs-revision 1.8)
)
("C:\Program Files\MiKTeX 2.9\tex\latex\pgf\compatibility\pgfcomp-version-0-65.
sty"
Package: pgfcomp-version-0-65 2007/07/03 v2.10 (rcs-revision 1.7)
\pgf@nodesepstart=\dimen151
\pgf@nodesepend=\dimen152
)
("C:\Program Files\MiKTeX 2.9\tex\latex\pgf\compatibility\pgfcomp-version-1-18.
sty"
Package: pgfcomp-version-1-18 2007/07/23 v2.10 (rcs-revision 1.1)
)) ("C:\Program Files\MiKTeX 2.9\tex\latex\pgf\utilities\pgffor.sty"
("C:\Program Files\MiKTeX 2.9\tex\latex\pgf\utilities\pgfkeys.sty"
("C:\Program Files\MiKTeX 2.9\tex\generic\pgf\utilities\pgfkeys.code.tex"))
("C:\Program Files\MiKTeX 2.9\tex\generic\pgf\utilities\pgffor.code.tex"
Package: pgffor 2010/03/23 v2.10 (rcs-revision 1.18)
\pgffor@iter=\dimen153
\pgffor@skip=\dimen154
\pgffor@stack=\toks32
\pgffor@toks=\toks33
))
("C:\Program Files\MiKTeX 2.9\tex\generic\pgf\frontendlayer\tikz\tikz.code.tex"
Package: tikz 2010/10/13 v2.10 (rcs-revision 1.76)

("C:\Program Files\MiKTeX 2.9\tex\generic\pgf\libraries\pgflibraryplothandlers.
code.tex"
File: pgflibraryplothandlers.code.tex 2010/05/31 v2.10 (rcs-revision 1.15)
\pgf@plot@mark@count=\count122
\pgfplotmarksize=\dimen155
)
\tikz@lastx=\dimen156
\tikz@lasty=\dimen157
\tikz@lastxsaved=\dimen158
\tikz@lastysaved=\dimen159
\tikzleveldistance=\dimen160
\tikzsiblingdistance=\dimen161
\tikz@figbox=\box35
\tikz@tempbox=\box36
\tikztreelevel=\count123
\tikznumberofchildren=\count124
\tikznumberofcurrentchild=\count125
\tikz@fig@count=\count126

("C:\Program Files\MiKTeX 2.9\tex\generic\pgf\modules\pgfmodulematrix.code.tex"
File: pgfmodulematrix.code.tex 2010/08/24  (rcs-revision 1.4)
\pgfmatrixcurrentrow=\count127
\pgfmatrixcurrentcolumn=\count128
\pgf@matrix@numberofcolumns=\count129
)
\tikz@expandcount=\count130

("C:\Program Files\MiKTeX 2.9\tex\generic\pgf\frontendlayer\tikz\libraries\tikz
librarytopaths.code.tex"
File: tikzlibrarytopaths.code.tex 2008/06/17 v2.10 (rcs-revision 1.2)
)))
("C:\Program Files\MiKTeX 2.9\tex\latex\pgfplots\pgfplots.sty"
("C:\Program Files\MiKTeX 2.9\tex\generic\pgfplots\pgfplots.revision.tex")
Package: pgfplots 2011/12/29 v1.5.1 (git show 1.5.1-4-g53e640f )

("C:\Program Files\MiKTeX 2.9\tex\generic\pgfplots\pgfplots.code.tex"
("C:\Program Files\MiKTeX 2.9\tex\generic\pgfplots\pgfplotscore.code.tex"
\t@pgfplots@toka=\toks34
\t@pgfplots@tokb=\toks35
\t@pgfplots@tokc=\toks36
\pgfplots@tmpa=\dimen162
\c@pgfplots@coordindex=\count131
\c@pgfplots@scanlineindex=\count132

("C:\Program Files\MiKTeX 2.9\tex\generic\pgfplots\sys\pgfplotssysgeneric.code.
tex"))
("C:\Program Files\MiKTeX 2.9\tex\generic\pgfplots\libs\pgfplotslibrary.code.te
x")
("C:\Program Files\MiKTeX 2.9\tex\generic\pgfplots\oldpgfcompatib\pgfplotsoldpg
fsupp_loader.code.tex"
Package pgfplots: loading complementary code for your PGF version...

("C:\Program Files\MiKTeX 2.9\tex\generic\pgfplots\oldpgfcompatib\pgfplotsoldpg
fsupp_misc.code.tex")
("C:\Program Files\MiKTeX 2.9\tex\generic\pgfplots\oldpgfcompatib\pgfplotsoldpg
fsupp_pgfkeys.code.tex"
\pgfkeys@pathtoks=\toks37
\pgfkeys@temptoks=\toks38

("C:\Program Files\MiKTeX 2.9\tex\generic\pgfplots\oldpgfcompatib\pgfplotsoldpg
fsupp_pgfkeysfiltered.code.tex"
\pgfkeys@tmptoks=\toks39
))
("C:\Program Files\MiKTeX 2.9\tex\generic\pgfplots\oldpgfcompatib\pgfplotsoldpg
fsupp_pgfmathfloat.code.tex"
\c@pgfmathroundto@lastzeros=\count133
)
("C:\Program Files\MiKTeX 2.9\tex\generic\pgfplots\oldpgfcompatib\pgfplotsoldpg
fsupp_pgflibraryplothandlers.code.tex"
File: pgflibraryplothandlers.code.tex 2011/12/28 v2.10 (rcs-revision 1.16)
\pgf@plot@mark@count=\count134
\pgfplotmarksize=\dimen163
)
("C:\Program Files\MiKTeX 2.9\tex\generic\pgfplots\oldpgfcompatib\pgfplotsoldpg
fsupp_pgflibraryfpu.code.tex"))
("C:\Program Files\MiKTeX 2.9\tex\generic\pgfplots\util\pgfplotsutil.code.tex"
("C:\Program Files\MiKTeX 2.9\tex\generic\pgfplots\liststructure\pgfplotslistst
ructure.code.tex")
("C:\Program Files\MiKTeX 2.9\tex\generic\pgfplots\liststructure\pgfplotslistst
ructureext.code.tex")
("C:\Program Files\MiKTeX 2.9\tex\generic\pgfplots\liststructure\pgfplotsarray.
code.tex"
\c@pgfplotsarray@tmp=\count135
)
("C:\Program Files\MiKTeX 2.9\tex\generic\pgfplots\liststructure\pgfplotsmatrix
.code.tex")
("C:\Program Files\MiKTeX 2.9\tex\generic\pgfplots\numtable\pgfplotstableshared
.code.tex"
\c@pgfplotstable@counta=\count136
\t@pgfplotstable@a=\toks40
)
("C:\Program Files\MiKTeX 2.9\tex\generic\pgfplots\liststructure\pgfplotsdeque.
code.tex")
("C:\Program Files\MiKTeX 2.9\tex\generic\pgfplots\util\pgfplotsbinary.code.tex
")
("C:\Program Files\MiKTeX 2.9\tex\generic\pgfplots\util\pgfplotsutil.verb.code.
tex")
("C:\Program Files\MiKTeX 2.9\tex\generic\pgfplots\libs\pgflibrarypgfplots.surf
shading.code.tex"
\c@pgfplotslibrarysurf@no=\count137

("C:\Program Files\MiKTeX 2.9\tex\generic\pgfplots\sys\pgflibrarypgfplots.surfs
hading.pgfsys-pdftex.def")))
("C:\Program Files\MiKTeX 2.9\tex\generic\pgfplots\util\pgfplotscolormap.code.t
ex")
("C:\Program Files\MiKTeX 2.9\tex\generic\pgfplots\pgfplotsstackedplots.code.te
x")
("C:\Program Files\MiKTeX 2.9\tex\generic\pgfplots\pgfplotsplothandlers.code.te
x"
("C:\Program Files\MiKTeX 2.9\tex\generic\pgfplots\pgfplotsmeshplothandler.code
.tex"))
("C:\Program Files\MiKTeX 2.9\tex\generic\pgfplots\pgfplotscoordprocessing.code
.tex") ("C:\Program Files\MiKTeX 2.9\tex\generic\pgfplots\pgfplotsticks.code.te
x") ("C:\Program Files\MiKTeX 2.9\tex\generic\pgfplots\pgfplots.paths.code.tex"
)
("C:\Program Files\MiKTeX 2.9\tex\generic\pgf\frontendlayer\tikz\libraries\tikz
librarydecorations.code.tex"
("C:\Program Files\MiKTeX 2.9\tex\generic\pgf\modules\pgfmoduledecorations.code
.tex"
\pgfdecoratedcompleteddistance=\dimen164
\pgfdecoratedremainingdistance=\dimen165
\pgfdecoratedinputsegmentcompleteddistance=\dimen166
\pgfdecoratedinputsegmentremainingdistance=\dimen167
\pgf@decorate@distancetomove=\dimen168
\pgf@decorate@repeatstate=\count138
\pgfdecorationsegmentamplitude=\dimen169
\pgfdecorationsegmentlength=\dimen170
)
\tikz@lib@dec@box=\box37
)
("C:\Program Files\MiKTeX 2.9\tex\generic\pgf\frontendlayer\tikz\libraries\tikz
librarydecorations.pathmorphing.code.tex"
("C:\Program Files\MiKTeX 2.9\tex\generic\pgf\libraries\decorations\pgflibraryd
ecorations.pathmorphing.code.tex"))
("C:\Program Files\MiKTeX 2.9\tex\generic\pgf\frontendlayer\tikz\libraries\tikz
librarydecorations.pathreplacing.code.tex"
("C:\Program Files\MiKTeX 2.9\tex\generic\pgf\libraries\decorations\pgflibraryd
ecorations.pathreplacing.code.tex"))
\pgfplots@numplots=\count139
\pgfplots@xmin@reg=\dimen171
\pgfplots@xmax@reg=\dimen172
\pgfplots@ymin@reg=\dimen173
\pgfplots@ymax@reg=\dimen174
\pgfplots@zmin@reg=\dimen175
\pgfplots@zmax@reg=\dimen176
)
("C:\Program Files\MiKTeX 2.9\tex\generic\pgf\frontendlayer\tikz\libraries\tikz
libraryplotmarks.code.tex"
File: tikzlibraryplotmarks.code.tex 2008/01/09 v2.10 (rcs-revision 1.1)

("C:\Program Files\MiKTeX 2.9\tex\generic\pgf\libraries\pgflibraryplotmarks.cod
e.tex"
File: pgflibraryplotmarks.code.tex 2010/10/15 v2.10 (rcs-revision 1.12)
))) ("C:\Program Files\MiKTeX 2.9\tex\latex\tocloft\tocloft.sty"
Package: tocloft 2010/10/13 v2.3e parameterised ToC, etc., typesetting
Package tocloft Info: The document has section divisions on input line 43.
\cftparskip=\skip47
\cftbeforetoctitleskip=\skip48
\cftaftertoctitleskip=\skip49
\cftbeforepartskip=\skip50
\cftpartnumwidth=\skip51
\cftpartindent=\skip52
\cftbeforesecskip=\skip53
\cftsecindent=\skip54
\cftsecnumwidth=\skip55
\cftbeforesubsecskip=\skip56
\cftsubsecindent=\skip57
\cftsubsecnumwidth=\skip58
\cftbeforesubsubsecskip=\skip59
\cftsubsubsecindent=\skip60
\cftsubsubsecnumwidth=\skip61
\cftbeforeparaskip=\skip62
\cftparaindent=\skip63
\cftparanumwidth=\skip64
\cftbeforesubparaskip=\skip65
\cftsubparaindent=\skip66
\cftsubparanumwidth=\skip67
\cftbeforeloftitleskip=\skip68
\cftafterloftitleskip=\skip69
\cftbeforefigskip=\skip70
\cftfigindent=\skip71
\cftfignumwidth=\skip72
\c@lofdepth=\count140
\c@lotdepth=\count141
\cftbeforelottitleskip=\skip73
\cftafterlottitleskip=\skip74
\cftbeforetabskip=\skip75
\cfttabindent=\skip76
\cfttabnumwidth=\skip77
)
("C:\Program Files\MiKTeX 2.9\tex\latex\cite\cite.sty"
LaTeX Info: Redefining \cite on input line 302.
LaTeX Info: Redefining \nocite on input line 373.
Package: cite 2010/09/10  v 5.3
)
("C:\Program Files\MiKTeX 2.9\tex\latex\todonotes\todonotes.sty"
Package: todonotes 2011/10/22 .dtx Todonotes source and documentation.
Package: todonotes 2011/10/22

("C:\Program Files\MiKTeX 2.9\tex\latex\base\ifthen.sty"
Package: ifthen 2001/05/26 v1.1c Standard LaTeX ifthen package (DPC)
)
("C:\Program Files\MiKTeX 2.9\tex\latex\xkeyval\xkeyval.sty"
Package: xkeyval 2008/08/13 v2.6a package option processing (HA)

("C:\Program Files\MiKTeX 2.9\tex\generic\xkeyval\xkeyval.tex"
\XKV@toks=\toks41
\XKV@tempa@toks=\toks42
\XKV@depth=\count142
File: xkeyval.tex 2008/08/13 v2.6a key=value parser (HA)
))
("C:\Program Files\MiKTeX 2.9\tex\generic\pgf\frontendlayer\tikz\libraries\tikz
librarypositioning.code.tex"
File: tikzlibrarypositioning.code.tex 2008/10/06 v2.10 (rcs-revision 1.7)
)
("C:\Program Files\MiKTeX 2.9\tex\latex\tools\calc.sty"
Package: calc 2007/08/22 v4.3 Infix arithmetic (KKT,FJ)
\calc@Acount=\count143
\calc@Bcount=\count144
\calc@Adimen=\dimen177
\calc@Bdimen=\dimen178
\calc@Askip=\skip78
\calc@Bskip=\skip79
LaTeX Info: Redefining \setlength on input line 76.
LaTeX Info: Redefining \addtolength on input line 77.
\calc@Ccount=\count145
\calc@Cskip=\skip80
)
\c@@todonotes@numberoftodonotes=\count146

("C:\Program Files\MiKTeX 2.9\tex\generic\pgf\frontendlayer\tikz\libraries\tikz
libraryshadows.code.tex"
File: tikzlibraryshadows.code.tex 2008/01/13 v2.10 (rcs-revision 1.3)

("C:\Program Files\MiKTeX 2.9\tex\generic\pgf\frontendlayer\tikz\libraries\tikz
libraryfadings.code.tex"
File: tikzlibraryfadings.code.tex 2009/11/15 v2.10 (rcs-revision 1.2)

("C:\Program Files\MiKTeX 2.9\tex\generic\pgf\libraries\pgflibraryfadings.code.
tex"
File: pgflibraryfadings.code.tex 2008/02/07 v2.10 (rcs-revision 1.3)
)))) ("C:\Program Files\MiKTeX 2.9\tex\latex\datetime\datetime.sty"
Package: datetime 2010/09/21 v2.58 Date Time Package

("C:\Program Files\MiKTeX 2.9\tex\latex\fmtcount\fmtcount.sty"
Package: fmtcount 2009/10/02 v1.31
\c@padzeroesN=\count147

("C:\Program Files\MiKTeX 2.9\tex\latex\fmtcount\fc-english.def"
File: fc-english 2007/05/26
)
("C:\Program Files\MiKTeX 2.9\tex\latex\fmtcount\fc-UKenglish.def"
File: fc-UKenglish 2007/06/14
)
("C:\Program Files\MiKTeX 2.9\tex\latex\fmtcount\fc-british.def"
File: fc-british 2007/06/14
)
("C:\Program Files\MiKTeX 2.9\tex\latex\fmtcount\fc-USenglish.def"
File: fc-USenglish 2007/06/14
)
("C:\Program Files\MiKTeX 2.9\tex\latex\fmtcount\fc-spanish.def"
File: fc-spanish.def 2007/05/26
)
("C:\Program Files\MiKTeX 2.9\tex\latex\fmtcount\fc-portuges.def"
File: fc-portuges.def 2007/05/26
)
("C:\Program Files\MiKTeX 2.9\tex\latex\fmtcount\fc-french.def"
File: fc-french.def 2007/05/26
)
("C:\Program Files\MiKTeX 2.9\tex\latex\fmtcount\fc-german.def"
File: fc-german.def 2007/06/14
)
("C:\Program Files\MiKTeX 2.9\tex\latex\fmtcount\fc-italian.def"
File: fc-italian.def 2009/10/02 Italian support for fmtcount (Edoardo Pasca)
)
No configuration file fmtcount.cfg found.
\@DT@modctr=\count148
\@ordinalctr=\count149
\@orgargctr=\count150
\@strctr=\count151
\@tmpstrctr=\count152
\@DT@loopN=\count153
\@DT@X=\count154
)
\@day=\count155
\@month=\count156
\@year=\count157
\c@HOUR=\count158
\c@HOURXII=\count159
\c@MINUTE=\count160
\c@TOHOUR=\count161
\c@TOMINUTE=\count162
\c@SECOND=\count163
\currenthour=\count164
\currentminute=\count165
\currentsecond=\count166
Package datetime Info: No datetime.cfg file found, using default settings on in
put line 292.
\@dtctr=\count167
\dayofyear=\count168
\dayofweek=\count169
LaTeX Info: Redefining \today on input line 724.
 ("C:\Program Files\MiKTeX 2.9\tex\latex\datetime\dt-russian.def"
File: dt-russian.def 2004/10/31
LaTeX Info: Redefining \daterussian on input line 63.
)
\dt@a=\toks43
\dt@b=\toks44
)
("C:\Program Files\MiKTeX 2.9\tex\latex\geometry\geometry.sty"
Package: geometry 2010/09/12 v5.6 Page Geometry
\Gm@cnth=\count170
\Gm@cntv=\count171
\c@Gm@tempcnt=\count172
\Gm@bindingoffset=\dimen179
\Gm@wd@mp=\dimen180
\Gm@odd@mp=\dimen181
\Gm@even@mp=\dimen182
\Gm@layoutwidth=\dimen183
\Gm@layoutheight=\dimen184
\Gm@layouthoffset=\dimen185
\Gm@layoutvoffset=\dimen186
\Gm@dimlist=\toks45

("C:\Program Files\MiKTeX 2.9\tex\latex\geometry\geometry.cfg"))
(F:\Documents\Dropbox\Лаб\Диплом\base.aux
LaTeX Font Info:    Try loading font information for T2A+cmr on input line 19.

("C:\Program Files\MiKTeX 2.9\tex\latex\cyrillic\t2acmr.fd"
File: t2acmr.fd 2001/08/11 v1.0a Computer Modern Cyrillic font definitions
))
LaTeX Font Info:    Checking defaults for OML/cmm/m/it on input line 43.
LaTeX Font Info:    ... okay on input line 43.
LaTeX Font Info:    Checking defaults for T1/cmr/m/n on input line 43.
LaTeX Font Info:    ... okay on input line 43.
LaTeX Font Info:    Checking defaults for OT1/cmr/m/n on input line 43.
LaTeX Font Info:    ... okay on input line 43.
LaTeX Font Info:    Checking defaults for OMS/cmsy/m/n on input line 43.
LaTeX Font Info:    ... okay on input line 43.
LaTeX Font Info:    Checking defaults for OMX/cmex/m/n on input line 43.
LaTeX Font Info:    ... okay on input line 43.
LaTeX Font Info:    Checking defaults for U/cmr/m/n on input line 43.
LaTeX Font Info:    ... okay on input line 43.
LaTeX Font Info:    Checking defaults for PD1/pdf/m/n on input line 43.
LaTeX Font Info:    ... okay on input line 43.
LaTeX Font Info:    Checking defaults for PU/pdf/m/n on input line 43.
LaTeX Font Info:    ... okay on input line 43.
LaTeX Font Info:    Checking defaults for T2A/cmr/m/n on input line 43.
LaTeX Font Info:    ... okay on input line 43.
\AtBeginShipoutBox=\box38
Package hyperref Info: Link coloring OFF on input line 43.

("C:\Program Files\MiKTeX 2.9\tex\latex\hyperref\nameref.sty"
Package: nameref 2010/04/30 v2.40 Cross-referencing by name of section

("C:\Program Files\MiKTeX 2.9\tex\latex\oberdiek\refcount.sty"
Package: refcount 2008/08/11 v3.1 Data extraction from references (HO)
)
("C:\Program Files\MiKTeX 2.9\tex\generic\oberdiek\gettitlestring.sty"
Package: gettitlestring 2009/12/18 v1.3 Cleanup title references (HO)
)
\c@section@level=\count173
)
LaTeX Info: Redefining \ref on input line 43.
LaTeX Info: Redefining \pageref on input line 43.
LaTeX Info: Redefining \nameref on input line 43.

(F:\Documents\Dropbox\Лаб\Диплом\base.out)
(F:\Documents\Dropbox\Лаб\Диплом\base.out)
\@outlinefile=\write4

("C:\Program Files\MiKTeX 2.9\tex\latex\unicode\ucsencs.def"
File: ucsencs.def 2003/11/29 Fixes to fontencodings LGR, T3
)
ABD: EveryShipout initializing macros
("C:\Program Files\MiKTeX 2.9\tex\context\base\supp-pdf.mkii"
[Loading MPS to PDF converter (version 2006.09.02).]
\scratchcounter=\count174
\scratchdimen=\dimen187
\scratchbox=\box39
\nofMPsegments=\count175
\nofMParguments=\count176
\everyMPshowfont=\toks46
\MPscratchCnt=\count177
\MPscratchDim=\dimen188
\MPnumerator=\count178
\makeMPintoPDFobject=\count179
\everyMPtoPDFconversion=\toks47
)
*geometry* driver: auto-detecting
*geometry* detected driver: pdftex
*geometry* verbose mode - [ preamble ] result:
* driver: pdftex
* paper: <default>
* layout: <same size as paper>
* layoutoffset:(h,v)=(0.0pt,0.0pt)
* modes: 
* h-part:(L,W,R)=(85.35826pt, 472.03123pt, 56.9055pt)
* v-part:(T,H,B)=(56.9055pt, 681.15898pt, 56.9055pt)
* \paperwidth=614.295pt
* \paperheight=794.96999pt
* \textwidth=472.03123pt
* \textheight=681.15898pt
* \oddsidemargin=13.08827pt
* \evensidemargin=13.08827pt
* \topmargin=-54.36449pt
* \headheight=14.0pt
* \headsep=25.0pt
* \topskip=14.0pt
* \footskip=30.0pt
* \marginparwidth=24.0pt
* \marginparsep=10.0pt
* \columnsep=10.0pt
* \skip\footins=12.0pt plus 4.0pt minus 2.0pt
* \hoffset=0.0pt
* \voffset=0.0pt
* \mag=1000
* \@twocolumnfalse
* \@twosidefalse
* \@mparswitchfalse
* \@reversemarginfalse
* (1in=72.27pt=25.4mm, 1cm=28.453pt)

("C:\Program Files\MiKTeX 2.9\tex\latex\unicode\data\uni-4.def"
File: uni-4.def 2004/10/17 UCS: Unicode data U+0400..U+04FF
)
("C:\Program Files\MiKTeX 2.9\tex\latex\unicode\data\uni-0.def"
File: uni-0.def 2004/10/17 UCS: Unicode data U+0000..U+00FF
) [1

{C:/Users/kostal/AppData/Local/MiKTeX/2.9/pdftex/config/pdftex.map}]
(F:\Documents\Dropbox\Лаб\Диплом\base.toc
LaTeX Font Info:    Try loading font information for OML+cmr on input line 2.

("C:\Program Files\MiKTeX 2.9\tex\latex\base\omlcmr.fd"
File: omlcmr.fd 1999/05/25 v2.5h Standard LaTeX font definitions
)
LaTeX Font Info:    Font shape `OML/cmr/m/n' in size <14.4> not available
(Font)              Font shape `OML/cmm/m/it' tried instead on input line 2.
LaTeX Font Info:    Font shape `OML/cmr/m/n' in size <10> not available
(Font)              Font shape `OML/cmm/m/it' tried instead on input line 2.
LaTeX Font Info:    Font shape `OML/cmr/m/n' in size <7> not available
(Font)              Font shape `OML/cmm/m/it' tried instead on input line 2.
LaTeX Font Info:    Try loading font information for OMS+cmr on input line 2.

("C:\Program Files\MiKTeX 2.9\tex\latex\base\omscmr.fd"
File: omscmr.fd 1999/05/25 v2.5h Standard LaTeX font definitions
)
LaTeX Font Info:    Font shape `OMS/cmr/m/n' in size <14.4> not available
(Font)              Font shape `OMS/cmsy/m/n' tried instead on input line 2.
LaTeX Font Info:    Font shape `OMS/cmr/m/n' in size <10> not available
(Font)              Font shape `OMS/cmsy/m/n' tried instead on input line 2.
LaTeX Font Info:    Font shape `OMS/cmr/m/n' in size <7> not available
(Font)              Font shape `OMS/cmsy/m/n' tried instead on input line 2.
LaTeX Font Info:    Try loading font information for U+msa on input line 2.

("C:\Program Files\MiKTeX 2.9\tex\latex\amsfonts\umsa.fd"
File: umsa.fd 2009/06/22 v3.00 AMS symbols A
)
LaTeX Font Info:    Try loading font information for U+msb on input line 2.

("C:\Program Files\MiKTeX 2.9\tex\latex\amsfonts\umsb.fd"
File: umsb.fd 2009/06/22 v3.00 AMS symbols B
)
LaTeX Font Info:    Try loading font information for U+lasy on input line 2.

("C:\Program Files\MiKTeX 2.9\tex\latex\base\ulasy.fd"
File: ulasy.fd 1998/08/17 v2.2e LaTeX symbol font definitions
))
\tf@toc=\write5
 [2]
("C:\Program Files\MiKTeX 2.9\tex\latex\unicode\data\uni-32.def"
File: uni-32.def 2004/10/17 UCS: Unicode data U+2000..U+20FF
) [3]
Overfull \hbox (10.3814pt too wide) in paragraph at lines 113--114
\T2A/cmr/m/n/14.4 ти-че-ских со-еди-не-ний. Ко-рот-ко-жи-ву-щие ор-га-ни-че-ски
е катион-радикалы труд-
 []

[4] [5pdfTeX warning (ext4): destination with the same identifier (name{equatio
n.0.1}) has been already used, duplicate ignored

\AtBegShi@Output ...ipout \box \AtBeginShipoutBox 
                                                  \fi \fi 
l.120 
      ] [6]
Package hyperref Info: bookmark level for unknown todo defaults to 0 on input l
ine 131.
 [7]
Overfull \hbox (20.28624pt too wide) in paragraph at lines 132--133
[]\T2A/cmr/m/n/14.4 Для це-лей дан-ной ра-бо-ты важ-но об-су-дить усло-вия об-р
а-зо-ва-ния электронно-
 []

[8] [9]
Overfull \hbox (20.14069pt too wide) detected at line 154
\OML/cmm/m/it/14.4 I[]\OT1/cmr/m/n/14.4 (\OML/cmm/m/it/14.4 t\OT1/cmr/m/n/14.4 
) = [] []  \OML/cmm/m/it/14.4 d exp [] []  d F\OT1/cmr/m/n/14.4 (\OML/cmm/m/i
t/14.4  \OMS/cmsy/m/n/14.4   \OML/cmm/m/it/14.4 \OT1/cmr/m/n/14.4 ) [] \OML/c
mm/m/it/14.4 G\OT1/cmr/m/n/14.4 (\OML/cmm/m/it/14.4 \OT1/cmr/m/n/14.4 )
 []

[10] [11]
Overfull \hbox (1.63959pt too wide) in paragraph at lines 181--182
[]\T2A/cmr/m/n/14.4 Вышеуказанное ре-ше-ние опи-сы-ва-ет слу-чай дис-крет-но-го
 на-бо-ра кон-стант
 []

[12] [13] <exp_setup.png, id=194, 385.44pt x 466.74374pt>
File: exp_setup.png Graphic file (type png)
 <use exp_setup.png>
[14 <F:/Documents/Dropbox/Лаб/Диплом/exp_setup.png (PNG copy)>] [15]
<kuvetta.png, id=203, 698.61pt x 484.81125pt>
File: kuvetta.png Graphic file (type png)
 <use kuvetta.png>
<2012-05-03.jpg, id=204, 1734.48pt x 2079.77pt>
File: 2012-05-03.jpg Graphic file (type jpg)
 <use 2012-05-03.jpg> [16 <F:/Documents/Dropbox/Лаб/Диплом/kuvetta.png (PNG cop
y)> <F:/Documents/Dropbox/Лаб/Диплом/2012-05-03.jpg>] [17] [18]
PGFPlots: reading {"THF-d8 H=1kGs exp.txt"}
PGFPlots: reading {"THF-d8 H=1kGs sim.txt"}
PGFPlots: reading {"THF-d8 H=5kGs exp.txt"}
PGFPlots: reading {"THF-d8 H=5kGs sim.txt"}
PGFPlots: reading {"THF-d8 H=7kGs exp.txt"}
PGFPlots: reading {"THF-d8 H=7kGs sim.txt"}
PGFPlots: reading {"THF-d8 H=10kGs exp.txt"}
PGFPlots: reading {"THF-d8 H=10kGs sim.txt"}
 [19]
PGFPlots: reading {"THF-d8 H=15kGs exp.txt"}
PGFPlots: reading {"THF-d8 H=15kGs sim.txt"}
PGFPlots: reading {"THF-d8 H=18.8kGs exp.txt"}
PGFPlots: reading {"THF-d8 H=18.8kGs sim.txt"}
 [20]
PGFPlots: reading {"THF H=1kGs a exp.txt"}
PGFPlots: reading {"THF H=1kGs a sim.txt"}

! Package pgfplots Warning: the current plot has no coordinates (or all have be
en filtered away)
PGFPlots: reading {"MTHF H=1kGs exp.txt"}
PGFPlots: reading {"MTHF H=1kGs sim.txt"}
PGFPlots: reading {"MTHF H=5kGs exp.txt"}
PGFPlots: reading {"MTHF H=5kGs sim.txt"}
[21]
PGFPlots: reading {"MTHF H=10kGs exp.txt"}
PGFPlots: reading {"MTHF H=10kGs sim.txt"}
PGFPlots: reading {"DIETYLETHER H=3kGs exp.txt"}
PGFPlots: reading {"DIETYLETHER H=10kGs exp.txt"}
 [22]
PGFPlots: reading {"DIBUTILETHER H=1kGs exp.txt"}
PGFPlots: reading {"DIBUTILETHER H=5kGs exp.txt"}
PGFPlots: reading {"DIBUTILETHER H=10kGs exp.txt"}
 [23] [24] [25] (F:\Documents\Dropbox\Лаб\Диплом\base.bbl [26]
[27]
LaTeX Font Info:    Try loading font information for T2A+cmtt on input line 154
.
 ("C:\Program Files\MiKTeX 2.9\tex\latex\cyrillic\t2acmtt.fd"
File: t2acmtt.fd 2001/08/11 v1.0a Computer Modern Cyrillic font definitions
))
Package atveryend Info: Empty hook `BeforeClearDocument' on input line 386.
 [28]
Package atveryend Info: Empty hook `AfterLastShipout' on input line 386.

(F:\Documents\Dropbox\Лаб\Диплом\base.aux)
Package atveryend Info: Executing hook `AtVeryEndDocument' on input line 386.
Package rerunfilecheck Info: File `base.out' has not changed.
(rerunfilecheck)             Checksum: CBDC6169C3109A5ACF61DD9B03281245;2667.
 ) 
Here is how much of TeX's memory you used:
 26849 strings out of 494019
 546979 string characters out of 3146495
 1062568 words of memory out of 3000000
 29430 multiletter control sequences out of 15000+200000
 13364 words of font info for 37 fonts, out of 3000000 for 9000
 714 hyphenation exceptions out of 8191
 56i,17n,95p,4144b,1701s stack positions out of 5000i,500n,10000p,200000b,50000s
 <C:\Users\kostal\AppData\Local\MiKTeX\2.9\fonts\pk\ljfour\lh\lh-t2a\dpi600\l
att1440.pk> <C:\Users\kostal\AppData\Local\MiKTeX\2.9\fonts\pk\ljfour\lh\lh-t2a
\dpi600\labx2074.pk> <C:\Users\kostal\AppData\Local\MiKTeX\2.9\fonts\pk\ljfour\
lh\lh-t2a\dpi600\labx1440.pk> <C:\Users\kostal\AppData\Local\MiKTeX\2.9\fonts\p
k\ljfour\lh\lh-t2a\dpi600\larm1440.pk><C:/Program Files/MiKTeX 2.9/fonts/type1/
public/amsfonts/cm/cmex10.pfb><C:/Program Files/MiKTeX 2.9/fonts/type1/public/a
msfonts/cm/cmmi10.pfb><C:/Program Files/MiKTeX 2.9/fonts/type1/public/amsfonts/
cm/cmmi12.pfb><C:/Program Files/MiKTeX 2.9/fonts/type1/public/amsfonts/cm/cmmi7
.pfb><C:/Program Files/MiKTeX 2.9/fonts/type1/public/amsfonts/cm/cmr10.pfb><C:/
Program Files/MiKTeX 2.9/fonts/type1/public/amsfonts/cm/cmr12.pfb><C:/Program F
iles/MiKTeX 2.9/fonts/type1/public/amsfonts/cm/cmr7.pfb><C:/Program Files/MiKTe
X 2.9/fonts/type1/public/amsfonts/cm/cmsy10.pfb><C:/Program Files/MiKTeX 2.9/fo
nts/type1/public/amsfonts/cm/cmsy7.pfb><C:/Program Files/MiKTeX 2.9/fonts/type1
/public/amsfonts/symbols/msam10.pfb>
Output written on base.pdf (28 pages, 950181 bytes).
PDF statistics:
 600 PDF objects out of 1000 (max. 8388607)
 81 named destinations out of 1000 (max. 500000)
 196 words of extra memory for PDF output out of 10000 (max. 10000000)

